
[31m[2022-07-14 14:34:40,893] [Request.py:55] [Request:send_request] [ERROR]- unkown error[0m

[31m[2022-07-14 14:34:40,893] [Assert.py:53] [Assert:assert_in] [ERROR]- é¢„æœŸç»“æœç±»å‹ï¼š<class 'dict'>æˆ–å®é™…ç»“æœç±»å‹ï¼š<class 'tuple'>æ ¼å¼æœ‰é”™è¯¯ï¼Œè¯·æ’æŸ¥ï¼[0m
